This is pdfTeX, Version 3.14159265-2.6-1.40.20 (TeX Live 2019/W32TeX) (preloaded format=pdflatex 2020.2.29)  17 MAR 2020 11:59
entering extended mode
 restricted \write18 enabled.
 %&-line parsing enabled.
**title.tex
(./title.tex
LaTeX2e <2018-12-01>
(c:/texlive/2019/texmf-dist/tex/latex/base/book.cls
Document Class: book 2018/09/03 v1.4i Standard LaTeX document class
(c:/texlive/2019/texmf-dist/tex/latex/base/bk10.clo
File: bk10.clo 2018/09/03 v1.4i Standard LaTeX file (size option)
)
\c@part=\count80
\c@chapter=\count81
\c@section=\count82
\c@subsection=\count83
\c@subsubsection=\count84
\c@paragraph=\count85
\c@subparagraph=\count86
\c@figure=\count87
\c@table=\count88
\abovecaptionskip=\skip41
\belowcaptionskip=\skip42
\bibindent=\dimen102
)
(c:/texlive/2019/texmf-dist/tex/latex/tools/theorem.sty
Package: theorem 2014/10/28 v2.2c Theorem extension package (FMi)
\theorem@style=\toks14
\theorem@bodyfont=\toks15
\theorempreskipamount=\skip43
\theorempostskipamount=\skip44

(c:/texlive/2019/texmf-dist/tex/latex/tools/thp.sty
File: thp.sty 2014/10/28 v2.2c Theorem extension package (FMi)
))
(c:/texlive/2019/texmf-dist/tex/latex/base/latexsym.sty
Package: latexsym 1998/08/17 v2.2e Standard LaTeX package (lasy symbols)
\symlasy=\mathgroup4
LaTeX Font Info:    Overwriting symbol font `lasy' in version `bold'
(Font)                  U/lasy/m/n --> U/lasy/b/n on input line 52.
)
(c:/texlive/2019/texmf-dist/tex/latex/graphics/graphicx.sty
Package: graphicx 2017/06/01 v1.1a Enhanced LaTeX Graphics (DPC,SPQR)

(c:/texlive/2019/texmf-dist/tex/latex/graphics/keyval.sty
Package: keyval 2014/10/28 v1.15 key=value parser (DPC)
\KV@toks@=\toks16
)
(c:/texlive/2019/texmf-dist/tex/latex/graphics/graphics.sty
Package: graphics 2017/06/25 v1.2c Standard LaTeX Graphics (DPC,SPQR)

(c:/texlive/2019/texmf-dist/tex/latex/graphics/trig.sty
Package: trig 2016/01/03 v1.10 sin cos tan (DPC)
)
(c:/texlive/2019/texmf-dist/tex/latex/graphics-cfg/graphics.cfg
File: graphics.cfg 2016/06/04 v1.11 sample graphics configuration
)
Package graphics Info: Driver file: pdftex.def on input line 99.

(c:/texlive/2019/texmf-dist/tex/latex/graphics-def/pdftex.def
File: pdftex.def 2018/01/08 v1.0l Graphics/color driver for pdftex
))
\Gin@req@height=\dimen103
\Gin@req@width=\dimen104
)
\c@theorem=\count89
\c@lemma=\count90
\c@proposition=\count91
\c@corollary=\count92
\c@claim=\count93
\c@remark=\count94
\c@conjecture=\count95
\c@definition=\count96
\c@example=\count97
\c@exercise=\count98
\c@algorithm=\count99
\c@question=\count100
\c@formula=\count101
\c@assumption=\count102
\c@condition=\count103
\c@notation=\count104
\c@approximation=\count105
 (./title.aux)
\openout1 = `title.aux'.

LaTeX Font Info:    Checking defaults for OML/cmm/m/it on input line 356.
LaTeX Font Info:    ... okay on input line 356.
LaTeX Font Info:    Checking defaults for T1/cmr/m/n on input line 356.
LaTeX Font Info:    ... okay on input line 356.
LaTeX Font Info:    Checking defaults for OT1/cmr/m/n on input line 356.
LaTeX Font Info:    ... okay on input line 356.
LaTeX Font Info:    Checking defaults for OMS/cmsy/m/n on input line 356.
LaTeX Font Info:    ... okay on input line 356.
LaTeX Font Info:    Checking defaults for OMX/cmex/m/n on input line 356.
LaTeX Font Info:    ... okay on input line 356.
LaTeX Font Info:    Checking defaults for U/cmr/m/n on input line 356.
LaTeX Font Info:    ... okay on input line 356.

(c:/texlive/2019/texmf-dist/tex/context/base/mkii/supp-pdf.mkii
[Loading MPS to PDF converter (version 2006.09.02).]
\scratchcounter=\count106
\scratchdimen=\dimen105
\scratchbox=\box27
\nofMPsegments=\count107
\nofMParguments=\count108
\everyMPshowfont=\toks17
\MPscratchCnt=\count109
\MPscratchDim=\dimen106
\MPnumerator=\count110
\makeMPintoPDFobject=\count111
\everyMPtoPDFconversion=\toks18
) (c:/texlive/2019/texmf-dist/tex/latex/oberdiek/epstopdf-base.sty
Package: epstopdf-base 2016/05/15 v2.6 Base part for package epstopdf

(c:/texlive/2019/texmf-dist/tex/generic/oberdiek/infwarerr.sty
Package: infwarerr 2016/05/16 v1.4 Providing info/warning/error messages (HO)
)
(c:/texlive/2019/texmf-dist/tex/latex/oberdiek/grfext.sty
Package: grfext 2016/05/16 v1.2 Manage graphics extensions (HO)

(c:/texlive/2019/texmf-dist/tex/generic/oberdiek/kvdefinekeys.sty
Package: kvdefinekeys 2016/05/16 v1.4 Define keys (HO)

(c:/texlive/2019/texmf-dist/tex/generic/oberdiek/ltxcmds.sty
Package: ltxcmds 2016/05/16 v1.23 LaTeX kernel commands for general use (HO)
)))
(c:/texlive/2019/texmf-dist/tex/latex/oberdiek/kvoptions.sty
Package: kvoptions 2016/05/16 v3.12 Key value format for package options (HO)

(c:/texlive/2019/texmf-dist/tex/generic/oberdiek/kvsetkeys.sty
Package: kvsetkeys 2016/05/16 v1.17 Key value parser (HO)

(c:/texlive/2019/texmf-dist/tex/generic/oberdiek/etexcmds.sty
Package: etexcmds 2016/05/16 v1.6 Avoid name clashes with e-TeX commands (HO)

(c:/texlive/2019/texmf-dist/tex/generic/oberdiek/ifluatex.sty
Package: ifluatex 2016/05/16 v1.4 Provides the ifluatex switch (HO)
Package ifluatex Info: LuaTeX not detected.
))))
(c:/texlive/2019/texmf-dist/tex/generic/oberdiek/pdftexcmds.sty
Package: pdftexcmds 2018/09/10 v0.29 Utility functions of pdfTeX for LuaTeX (HO
)

(c:/texlive/2019/texmf-dist/tex/generic/oberdiek/ifpdf.sty
Package: ifpdf 2018/09/07 v3.3 Provides the ifpdf switch
)
Package pdftexcmds Info: LuaTeX not detected.
Package pdftexcmds Info: \pdf@primitive is available.
Package pdftexcmds Info: \pdf@ifprimitive is available.
Package pdftexcmds Info: \pdfdraftmode found.
)
Package epstopdf-base Info: Redefining graphics rule for `.eps' on input line 4
38.
Package grfext Info: Graphics extension search list:
(grfext)             [.pdf,.png,.jpg,.mps,.jpeg,.jbig2,.jb2,.PDF,.PNG,.JPG,.JPE
G,.JBIG2,.JB2,.eps]
(grfext)             \AppendGraphicsExtensions on input line 456.

(c:/texlive/2019/texmf-dist/tex/latex/latexconfig/epstopdf-sys.cfg
File: epstopdf-sys.cfg 2010/07/13 v1.3 Configuration of (r)epstopdf for TeX Liv
e
)) [1


{c:/texlive/2019/texmf-var/fonts/map/pdftex/updmap/pdftex.map}]
LaTeX Font Info:    Try loading font information for OMS+cmr on input line 444.


(c:/texlive/2019/texmf-dist/tex/latex/base/omscmr.fd
File: omscmr.fd 2014/09/29 v2.5h Standard LaTeX font definitions
)
LaTeX Font Info:    Font shape `OMS/cmr/m/n' in size <10> not available
(Font)              Font shape `OMS/cmsy/m/n' tried instead on input line 444.
 [2] [3] (./title.toc
LaTeX Font Info:    External font `cmex10' loaded for size
(Font)              <7> on input line 2.
LaTeX Font Info:    External font `cmex10' loaded for size
(Font)              <5> on input line 2.
LaTeX Font Info:    Try loading font information for U+lasy on input line 2.

(c:/texlive/2019/texmf-dist/tex/latex/base/ulasy.fd
File: ulasy.fd 1998/08/17 v2.2e LaTeX symbol font definitions
) [4

]

LaTeX Warning: Reference `lem_b3' on page 32 undefined on input line 29.


LaTeX Warning: Reference `prop_b2' on page 33 undefined on input line 30.


LaTeX Warning: Reference `prop_b3' on page 34 undefined on input line 31.


LaTeX Warning: Reference `prop_l1' on page 52 undefined on input line 44.


LaTeX Warning: Reference `prop_l2' on page 53 undefined on input line 45.


LaTeX Warning: Reference `prop_s1' on page 79 undefined on input line 57.


LaTeX Warning: Reference `prop_s2' on page 79 undefined on input line 58.


LaTeX Warning: Reference `prop_s3' on page 81 undefined on input line 59.


LaTeX Warning: Reference `prop_s5' on page 82 undefined on input line 60.

[5])
\tf@toc=\write3
\openout3 = `title.toc'.

 [6] (./title.lof)
\tf@lof=\write4
\openout4 = `title.lof'.

 [7

] (./title.lot)
\tf@lot=\write5
\openout5 = `title.lot'.

 (./chap1.tex [8

]
Chapter 1.
[1

]
<fg_i0n.png, id=44, 322.20375pt x 219.82124pt>
File: fg_i0n.png Graphic file (type png)
<use fg_i0n.png>
Package pdftex.def Info: fg_i0n.png  used on input line 20.
(pdftex.def)             Requested size: 284.53821pt x 170.72194pt.
 [2 <./fg_i0n.png>]
LaTeX Font Info:    External font `cmex10' loaded for size
(Font)              <8> on input line 148.
LaTeX Font Info:    External font `cmex10' loaded for size
(Font)              <6> on input line 148.

Overfull \hbox (19.91685pt too wide) in paragraph at lines 148--152
[][]
 []


Underfull \hbox (badness 10000) in paragraph at lines 148--152

 []

[3] [4]
Underfull \vbox (badness 10000) has occurred while \output is active []

 [5]
[6]) (./chap2.tex [7]
Chapter 2.
[8

] [9] [10] [11] [12] [13]
Underfull \vbox (badness 1845) has occurred while \output is active []

 [14])
(./chap3.tex [15] [16]
Chapter 3.
[17

] [18]
Underfull \vbox (badness 6380) has occurred while \output is active []

 [19]
[20]
LaTeX Font Info:    Font shape `U/lasy/b/n' in size <7> not available
(Font)              Font shape `U/lasy/m/n' tried instead on input line 115.
LaTeX Font Info:    Font shape `U/lasy/b/n' in size <5> not available
(Font)              Font shape `U/lasy/m/n' tried instead on input line 115.
 [21] [22]
Underfull \hbox (badness 10000) in paragraph at lines 216--220

 []


Underfull \hbox (badness 10000) in paragraph at lines 229--232

 []

[23] [24]
Underfull \hbox (badness 10000) in paragraph at lines 302--305

 []


Underfull \hbox (badness 10000) in paragraph at lines 341--344

 []

[25]
<fg_b1n.png, id=129, 408.02437pt x 231.86626pt>
File: fg_b1n.png Graphic file (type png)
<use fg_b1n.png>
Package pdftex.def Info: fg_b1n.png  used on input line 353.
(pdftex.def)             Requested size: 284.53802pt x 170.7186pt.
 [26 <./fg_b1n.png>]
Underfull \hbox (badness 10000) in paragraph at lines 405--408

 []

<fg_b2n.png, id=134, 432.11438pt x 271.0125pt>
File: fg_b2n.png Graphic file (type png)
<use fg_b2n.png>
Package pdftex.def Info: fg_b2n.png  used on input line 413.
(pdftex.def)             Requested size: 284.537pt x 170.72223pt.
[27]
Underfull \hbox (badness 10000) in paragraph at lines 456--459

 []

<fg_b3n.png, id=139, 432.86719pt x 267.24844pt>
File: fg_b3n.png Graphic file (type png)
<use fg_b3n.png>
Package pdftex.def Info: fg_b3n.png  used on input line 465.
(pdftex.def)             Requested size: 284.53734pt x 170.72441pt.
[28 <./fg_b2n.png>]
<fg_b4n.png, id=144, 431.36156pt x 269.50688pt>
File: fg_b4n.png Graphic file (type png)
<use fg_b4n.png>
Package pdftex.def Info: fg_b4n.png  used on input line 479.
(pdftex.def)             Requested size: 284.53496pt x 170.7196pt.
<fg_b5n.png, id=145, 431.36156pt x 268.00125pt>
File: fg_b5n.png Graphic file (type png)
<use fg_b5n.png>
Package pdftex.def Info: fg_b5n.png  used on input line 494.
(pdftex.def)             Requested size: 284.53496pt x 170.7146pt.
 [29 <./fg_b3n.png>] [30 <./fg_b4n.png> <./fg_b5n.png>]
[31] [32] [33]) (./chap4.tex [34]
Chapter 4.
[35

]
Underfull \vbox (badness 10000) has occurred while \output is active []

 [36]
[37] [38] [39] [40]
Overfull \hbox (33.99266pt too wide) in alignment at lines 234--239
 [][][] []
 []

[41]
Underfull \hbox (badness 10000) in paragraph at lines 243--246

 []


Underfull \hbox (badness 10000) in paragraph at lines 261--264

 []

<fg_l1n.png, id=191, 432.11438pt x 248.42813pt>
File: fg_l1n.png Graphic file (type png)
<use fg_l1n.png>
Package pdftex.def Info: fg_l1n.png  used on input line 283.
(pdftex.def)             Requested size: 284.537pt x 170.7181pt.
<fg_l2n.png, id=192, 432.86719pt x 248.42813pt>
File: fg_l2n.png Graphic file (type png)
<use fg_l2n.png>
Package pdftex.def Info: fg_l2n.png  used on input line 292.
(pdftex.def)             Requested size: 284.53734pt x 170.7181pt.
[42] [43 <./fg_l1n.png> <./fg_l2n.png>]
<fg_l3n.png, id=203, 330.48468pt x 205.5178pt>
File: fg_l3n.png Graphic file (type png)
<use fg_l3n.png>
Package pdftex.def Info: fg_l3n.png  used on input line 329.
(pdftex.def)             Requested size: 284.53906pt x 170.71771pt.
<fg_l4n.png, id=204, 330.48468pt x 206.27063pt>
File: fg_l4n.png Graphic file (type png)
<use fg_l4n.png>
Package pdftex.def Info: fg_l4n.png  used on input line 341.
(pdftex.def)             Requested size: 284.53906pt x 170.71986pt.

Underfull \vbox (badness 2547) has occurred while \output is active []

 [44]
[45 <./fg_l3n.png> <./fg_l4n.png>] [46] [47] [48] [49]
<fg_l5n.png, id=226, 320.69812pt x 200.24812pt>
File: fg_l5n.png Graphic file (type png)
<use fg_l5n.png>
Package pdftex.def Info: fg_l5n.png  used on input line 498.
(pdftex.def)             Requested size: 284.5347pt x 170.72504pt.
<fg_l6n.png, id=227, 319.94531pt x 200.24812pt>
File: fg_l6n.png Graphic file (type png)
<use fg_l6n.png>
Package pdftex.def Info: fg_l6n.png  used on input line 510.
(pdftex.def)             Requested size: 284.53073pt x 170.72504pt.
 [50 <./fg_l5n.png>]
[51 <./fg_l6n.png>] [52]
Overfull \hbox (16.26904pt too wide) in alignment at lines 591--596
 [][][] []
 []

[53] [54]
Overfull \hbox (24.84666pt too wide) in paragraph at lines 696--699
\OT1/cmr/m/n/10 Therefore, $\OML/cmm/m/it/10 H\OT1/cmr/m/n/10 (\OML/cmm/m/it/10
 x; y\OT1/cmr/m/n/10 )$ is a func-tion bounded from the bot-tom. Fur-ther, sinc
e $\OML/cmm/m/it/10 H\OT1/cmr/m/n/10 (0\OML/cmm/m/it/10 ; \OT1/cmr/m/n/10 0) = 
\OMS/cmsy/m/n/10 ^^@\OML/cmm/m/it/10 A=a \OMS/cmsy/m/n/10 ^^T [][] \OML/cmm/m/i
t/10 H\OT1/cmr/m/n/10 (\OML/cmm/m/it/10 sy; y\OT1/cmr/m/n/10 )$,
 []


Underfull \hbox (badness 10000) in paragraph at lines 696--699

 []

[55]
Underfull \hbox (badness 10000) in paragraph at lines 757--760

 []

[56]
Overfull \hbox (2.71802pt too wide) detected at line 823
[]
 []

[57]
Underfull \hbox (badness 10000) in paragraph at lines 888--891

 []

[58] [59] [60]
Underfull \hbox (badness 10000) in paragraph at lines 1004--1006

 []

[61]
Underfull \hbox (badness 10000) in paragraph at lines 1077--1079

 []

) (./chap5.tex [62]
Chapter 5.
[63

] [64] [65]
Underfull \hbox (badness 10000) in paragraph at lines 86--89

 []

[66] [67]
<fg_s1n.png, id=291, 328.97906pt x 200.24812pt>
File: fg_s1n.png Graphic file (type png)
<use fg_s1n.png>
Package pdftex.def Info: fg_s1n.png  used on input line 138.
(pdftex.def)             Requested size: 284.53285pt x 142.27188pt.

Underfull \hbox (badness 10000) in paragraph at lines 162--165

 []

[68 <./fg_s1n.png>]
LaTeX Font Info:    External font `cmex10' loaded for size
(Font)              <12> on input line 172.

Underfull \hbox (badness 10000) in paragraph at lines 187--190

 []

[69]
<fg_s2n.png, id=300, 319.1925pt x 207.77625pt>
File: fg_s2n.png Graphic file (type png)
<use fg_s2n.png>
Package pdftex.def Info: fg_s2n.png  used on input line 203.
(pdftex.def)             Requested size: 284.5285pt x 170.72319pt.
 [70 <./fg_s2n.png>]
<fg_s3n.png, id=305, 318.43968pt x 206.27063pt>
File: fg_s3n.png Graphic file (type png)
<use fg_s3n.png>
Package pdftex.def Info: fg_s3n.png  used on input line 219.
(pdftex.def)             Requested size: 284.52798pt x 170.71986pt.
 [71 <./fg_s3n.png>] [72] [73]
<fg_s4n.png, id=317, 322.95656pt x 207.02344pt>
File: fg_s4n.png Graphic file (type png)
<use fg_s4n.png>
Package pdftex.def Info: fg_s4n.png  used on input line 313.
(pdftex.def)             Requested size: 284.54266pt x 170.72061pt.

Overfull \hbox (15.91118pt too wide) in alignment at lines 331--335
 [][][] []
 []

[74 <./fg_s4n.png>]
Overfull \hbox (10.19275pt too wide) in alignment at lines 362--366
 [][][] []
 []


Overfull \hbox (9.57268pt too wide) in paragraph at lines 366--368
\OT1/cmr/m/it/10 in which $\OMS/cmsy/m/n/10 f\OML/cmm/m/it/10 t[]\OMS/cmsy/m/n/
10 g$ \OT1/cmr/m/it/10 is a se-quence which renum-bers $\OMS/cmsy/m/n/10 ff\OML
/cmm/m/it/10 t[]\OMS/cmsy/m/n/10 g\OML/cmm/m/it/10 ; \OMS/cmsy/m/n/10 f\OML/cmm
/m/it/10 t[]\OMS/cmsy/m/n/10 gg$\OT1/cmr/m/it/10 , and ar-gu-ments in $\OML/cmm
/m/it/10 ^^Z[]\OT1/cmr/m/n/10 (\OML/cmm/m/it/10 t; V[]\OT1/cmr/m/n/10 (\OML/cmm
/m/it/10 t\OT1/cmr/m/n/10 )\OML/cmm/m/it/10 ; V[]\OT1/cmr/m/n/10 (\OML/cmm/m/it
/10 t\OT1/cmr/m/n/10 ))$\OT1/cmr/m/it/10 , $\OML/cmm/m/it/10 ^^[[]\OT1/cmr/m/n/
10 (\OML/cmm/m/it/10 t; V[]\OT1/cmr/m/n/10 (\OML/cmm/m/it/10 t\OT1/cmr/m/n/10 )
)$\OT1/cmr/m/it/10 ,
 []


Underfull \hbox (badness 10000) in paragraph at lines 370--373

 []

[75] [76]
<fg_s5n.png, id=328, 325.215pt x 210.03468pt>
File: fg_s5n.png Graphic file (type png)
<use fg_s5n.png>
Package pdftex.def Info: fg_s5n.png  used on input line 434.
(pdftex.def)             Requested size: 284.54753pt x 170.71684pt.
<fg_s6n.png, id=329, 325.215pt x 200.24812pt>
File: fg_s6n.png Graphic file (type png)
<use fg_s6n.png>
Package pdftex.def Info: fg_s6n.png  used on input line 451.
(pdftex.def)             Requested size: 284.54753pt x 170.72504pt.
 [77 <./fg_s5n.png>]
Underfull \vbox (badness 10000) has occurred while \output is active []

 [78 <./fg_s6n.png>]
Overfull \hbox (12.43979pt too wide) in alignment at lines 511--519
 [][][] []
 []

[79] [80] [81]
Overfull \hbox (10.19275pt too wide) in alignment at lines 619--625
 [][][] []
 []

[82]) (./chap6.tex [83]
Chapter 6.
[84

] [85] [86] [87] [88] [89] [90] [91]
<fg_d1n.png, id=380, 325.215pt x 199.49532pt>
File: fg_d1n.png Graphic file (type png)
<use fg_d1n.png>
Package pdftex.def Info: fg_d1n.png  used on input line 467.
(pdftex.def)             Requested size: 284.54753pt x 170.72246pt.
<fg_d2n.png, id=381, 319.1925pt x 199.49532pt>
File: fg_d2n.png Graphic file (type png)
<use fg_d2n.png>
Package pdftex.def Info: fg_d2n.png  used on input line 480.
(pdftex.def)             Requested size: 284.5285pt x 170.72246pt.
 [92 <./fg_d1n.png>] [93 <./fg_d2n.png>]
<fg_d3n.png, id=391, 322.20375pt x 191.21437pt>
File: fg_d3n.png Graphic file (type png)
<use fg_d3n.png>
Package pdftex.def Info: fg_d3n.png  used on input line 579.
(pdftex.def)             Requested size: 284.53821pt x 170.72586pt.
) (./chap7.tex [94] [95 <./fg_d3n.png>]
Chapter 7.
[96

] [97] [98]) (./refer.tex [99]

LaTeX Warning: Empty `thebibliography' environment on input line 7.

[100

] [101]) [102] (./title.aux)

LaTeX Warning: There were undefined references.

 ) 
Here is how much of TeX's memory you used:
 2156 strings out of 492623
 27430 string characters out of 6133290
 103375 words of memory out of 5000000
 5992 multiletter control sequences out of 15000+600000
 13007 words of font info for 49 fonts, out of 8000000 for 9000
 1141 hyphenation exceptions out of 8191
 41i,34n,25p,1384b,512s stack positions out of 5000i,500n,10000p,200000b,80000s
<c:/texlive/2019/texmf-dist/fonts/type1/public/amsfonts/cm/cmbx10.pfb><c:/tex
live/2019/texmf-dist/fonts/type1/public/amsfonts/cm/cmbx12.pfb><c:/texlive/2019
/texmf-dist/fonts/type1/public/amsfonts/cm/cmbx8.pfb><c:/texlive/2019/texmf-dis
t/fonts/type1/public/amsfonts/cm/cmex10.pfb><c:/texlive/2019/texmf-dist/fonts/t
ype1/public/amsfonts/cm/cmmi10.pfb><c:/texlive/2019/texmf-dist/fonts/type1/publ
ic/amsfonts/cm/cmmi12.pfb><c:/texlive/2019/texmf-dist/fonts/type1/public/amsfon
ts/cm/cmmi5.pfb><c:/texlive/2019/texmf-dist/fonts/type1/public/amsfonts/cm/cmmi
6.pfb><c:/texlive/2019/texmf-dist/fonts/type1/public/amsfonts/cm/cmmi7.pfb><c:/
texlive/2019/texmf-dist/fonts/type1/public/amsfonts/cm/cmmi8.pfb><c:/texlive/20
19/texmf-dist/fonts/type1/public/amsfonts/cm/cmmib10.pfb><c:/texlive/2019/texmf
-dist/fonts/type1/public/amsfonts/cm/cmr10.pfb><c:/texlive/2019/texmf-dist/font
s/type1/public/amsfonts/cm/cmr12.pfb><c:/texlive/2019/texmf-dist/fonts/type1/pu
blic/amsfonts/cm/cmr17.pfb><c:/texlive/2019/texmf-dist/fonts/type1/public/amsfo
nts/cm/cmr5.pfb><c:/texlive/2019/texmf-dist/fonts/type1/public/amsfonts/cm/cmr6
.pfb><c:/texlive/2019/texmf-dist/fonts/type1/public/amsfonts/cm/cmr7.pfb><c:/te
xlive/2019/texmf-dist/fonts/type1/public/amsfonts/cm/cmr8.pfb><c:/texlive/2019/
texmf-dist/fonts/type1/public/amsfonts/cm/cmsl10.pfb><c:/texlive/2019/texmf-dis
t/fonts/type1/public/amsfonts/cm/cmsy10.pfb><c:/texlive/2019/texmf-dist/fonts/t
ype1/public/amsfonts/cm/cmsy5.pfb><c:/texlive/2019/texmf-dist/fonts/type1/publi
c/amsfonts/cm/cmsy6.pfb><c:/texlive/2019/texmf-dist/fonts/type1/public/amsfonts
/cm/cmsy7.pfb><c:/texlive/2019/texmf-dist/fonts/type1/public/amsfonts/cm/cmsy8.
pfb><c:/texlive/2019/texmf-dist/fonts/type1/public/amsfonts/cm/cmti10.pfb><c:/t
exlive/2019/texmf-dist/fonts/type1/public/amsfonts/latxfont/lasy10.pfb>
Output written on title.pdf (110 pages, 1610677 bytes).
PDF statistics:
 508 PDF objects out of 1000 (max. 8388607)
 324 compressed objects within 4 object streams
 0 named destinations out of 1000 (max. 500000)
 106 words of extra memory for PDF output out of 10000 (max. 10000000)

